<?xml version="1.0" encoding="UTF-8"?>
<!-- Generated by org.testng.reporters.JUnitXMLReporter -->
<testsuite ignored="0" hostname="LAPTOP-RQ5ADVUS" failures="0" tests="3" name="Default test" time="14.743" errors="0" timestamp="2024-02-16T05:25:09 EET">
  <testcase classname="seleniumBankingOperations.testCases" name="loginAndAddCustomer" time="5.715"/>
  <testcase classname="seleniumBankingOperations.testCases" name="openAccount" time="4.956"/>
  <testcase classname="seleniumBankingOperations.testCases" name="removeTheCustomer" time="2.223"/>
</testsuite> <!-- Default test -->
