<?xml version="1.0" encoding="UTF-8"?>
<testng-results ignored="0" total="3" passed="3" failed="0" skipped="0">
  <reporter-output>
  </reporter-output>
  <suite started-at="2024-02-16T05:24:54 EET" name="Default suite" finished-at="2024-02-16T05:25:09 EET" duration-ms="14743">
    <groups>
    </groups>
    <test started-at="2024-02-16T05:24:54 EET" name="Default test" finished-at="2024-02-16T05:25:09 EET" duration-ms="14743">
      <class name="seleniumBankingOperations.testCases">
        <test-method is-config="true" signature="beforeTest()[pri:0, instance:seleniumBankingOperations.testCases@25a6944c]" started-at="2024-02-16T05:24:54 EET" name="beforeTest" finished-at="2024-02-16T05:24:56 EET" duration-ms="1771" status="PASS">
          <reporter-output>
          </reporter-output>
        </test-method> <!-- beforeTest -->
        <test-method signature="loginAndAddCustomer()[pri:0, instance:seleniumBankingOperations.testCases@25a6944c]" started-at="2024-02-16T05:24:56 EET" name="loginAndAddCustomer" finished-at="2024-02-16T05:25:01 EET" duration-ms="5715" status="PASS">
          <reporter-output>
          </reporter-output>
        </test-method> <!-- loginAndAddCustomer -->
        <test-method signature="openAccount()[pri:0, instance:seleniumBankingOperations.testCases@25a6944c]" started-at="2024-02-16T05:25:01 EET" name="openAccount" finished-at="2024-02-16T05:25:06 EET" duration-ms="4956" status="PASS">
          <reporter-output>
          </reporter-output>
        </test-method> <!-- openAccount -->
        <test-method signature="removeTheCustomer()[pri:0, instance:seleniumBankingOperations.testCases@25a6944c]" started-at="2024-02-16T05:25:06 EET" name="removeTheCustomer" finished-at="2024-02-16T05:25:09 EET" duration-ms="2223" status="PASS">
          <reporter-output>
          </reporter-output>
        </test-method> <!-- removeTheCustomer -->
        <test-method is-config="true" signature="postTest()[pri:0, instance:seleniumBankingOperations.testCases@25a6944c]" started-at="2024-02-16T05:25:09 EET" name="postTest" finished-at="2024-02-16T05:25:09 EET" duration-ms="1" status="PASS">
          <reporter-output>
          </reporter-output>
        </test-method> <!-- postTest -->
      </class> <!-- seleniumBankingOperations.testCases -->
    </test> <!-- Default test -->
  </suite> <!-- Default suite -->
</testng-results>
